L 03/31/2016 - 09:05:26: SourceMod log file session started (file "L20160331.log") (Version "1.7.2")
L 03/31/2016 - 09:05:26: -------- Mapchange to lobby --------
L 03/31/2016 - 09:05:27: [admincheats.smx] CONSOLE ran cheat command 'asw_carnage_randomize_uber' success!
L 03/31/2016 - 09:05:28: -------- Mapchange to ASI-Jac1-LandingBay_01 --------
L 03/31/2016 - 09:05:28: [admincheats.smx] CONSOLE ran cheat command 'asw_carnage_randomize_uber' success!
L 03/31/2016 - 09:13:35: [UPDATER] Successfully updated gamedata file "sm-cstrike.games/game.csgo.txt"
L 03/31/2016 - 09:13:35: [UPDATER] Successfully updated gamedata file "core.games/engine.ep2.txt"
L 03/31/2016 - 09:13:35: [UPDATER] Successfully updated gamedata file "core.games/common.games.txt"
L 03/31/2016 - 09:13:35: [UPDATER] Successfully updated gamedata file "sdkhooks.games/game.neotokyo.txt"
L 03/31/2016 - 09:13:35: [UPDATER] Successfully updated gamedata file "sdkhooks.games/game.kz.txt"
L 03/31/2016 - 09:13:35: [UPDATER] Successfully updated gamedata file "sdkhooks.games/game.fof.txt"
L 03/31/2016 - 09:13:35: [UPDATER] Successfully updated gamedata file "sdkhooks.games/engine.csgo.txt"
L 03/31/2016 - 09:13:35: [UPDATER] Successfully updated gamedata file "sdkhooks.games/game.empires.txt"
L 03/31/2016 - 09:13:35: [UPDATER] Successfully updated gamedata file "sdkhooks.games/game.pvkii.txt"
L 03/31/2016 - 09:13:35: [UPDATER] Successfully updated gamedata file "sdkhooks.games/game.modularcombat.txt"
L 03/31/2016 - 09:13:35: [UPDATER] Successfully updated gamedata file "sdkhooks.games/game.cstrike.txt"
L 03/31/2016 - 09:13:35: [UPDATER] Successfully updated gamedata file "sdkhooks.games/engine.ep2v.txt"
L 03/31/2016 - 09:13:35: [UPDATER] Successfully updated gamedata file "sdkhooks.games/master.games.txt"
L 03/31/2016 - 09:13:35: [UPDATER] Successfully updated gamedata file "sdkhooks.games/engine.insurgency.txt"
L 03/31/2016 - 09:13:35: [UPDATER] Successfully updated gamedata file "sdkhooks.games/game.nmrih.txt"
L 03/31/2016 - 09:13:35: [UPDATER] Successfully updated gamedata file "sm-tf2.games.txt"
L 03/31/2016 - 09:13:35: [UPDATER] Successfully updated gamedata file "sdktools.games/game.neotokyo.txt"
L 03/31/2016 - 09:13:35: [UPDATER] Successfully updated gamedata file "sdktools.games/game.hl2mp.txt"
L 03/31/2016 - 09:13:35: [UPDATER] Successfully updated gamedata file "sdktools.games/game.kz.txt"
L 03/31/2016 - 09:13:35: [UPDATER] Successfully updated gamedata file "sdktools.games/game.fof.txt"
L 03/31/2016 - 09:13:35: [UPDATER] Successfully updated gamedata file "sdktools.games/game.tf.txt"
L 03/31/2016 - 09:13:35: [UPDATER] Successfully updated gamedata file "sdktools.games/engine.ep1.txt"
L 03/31/2016 - 09:13:35: [UPDATER] Successfully updated gamedata file "sdktools.games/engine.csgo.txt"
L 03/31/2016 - 09:13:35: [UPDATER] Successfully updated gamedata file "sdktools.games/engine.ep2.txt"
L 03/31/2016 - 09:13:35: [UPDATER] Successfully updated gamedata file "sdktools.games/game.empires.txt"
L 03/31/2016 - 09:13:35: [UPDATER] Successfully updated gamedata file "sdktools.games/game.pvkii.txt"
L 03/31/2016 - 09:13:35: [UPDATER] Successfully updated gamedata file "sdktools.games/game.modularcombat.txt"
L 03/31/2016 - 09:13:35: [UPDATER] Successfully updated gamedata file "sdktools.games/game.cstrike.txt"
L 03/31/2016 - 09:13:35: [UPDATER] Successfully updated gamedata file "sdktools.games/game.dod.txt"
L 03/31/2016 - 09:13:35: [UPDATER] Successfully updated gamedata file "sdktools.games/master.games.txt"
L 03/31/2016 - 09:13:35: [UPDATER] Successfully updated gamedata file "sdktools.games/engine.insurgency.txt"
L 03/31/2016 - 09:13:35: [UPDATER] Successfully updated gamedata file "sdktools.games/game.nmrih.txt"
L 03/31/2016 - 09:13:35: [UPDATER] SourceMod has been updated, please reload it or restart your server.
L 03/31/2016 - 09:16:03: -------- Mapchange to ASI-Jac1-LandingBay_01 --------
L 03/31/2016 - 09:16:04: [admincheats.smx] CONSOLE ran cheat command 'asw_carnage_randomize_uber' success!
L 03/31/2016 - 09:34:27: Log file closed.
L 03/31/2016 - 09:34:32: SourceMod log file session started (file "L20160331.log") (Version "1.7.2")
L 03/31/2016 - 09:34:32: -------- Mapchange to lobby --------
L 03/31/2016 - 09:34:32: [admincheats.smx] CONSOLE ran cheat command 'asw_carnage_randomize_uber' success!
L 03/31/2016 - 09:34:33: -------- Mapchange to ASI-Jac1-LandingBay_01 --------
L 03/31/2016 - 09:34:33: [admincheats.smx] CONSOLE ran cheat command 'asw_carnage_randomize_uber' success!
L 03/31/2016 - 09:41:22: SourceMod log file session started (file "L20160331.log") (Version "1.7.2")
L 03/31/2016 - 09:41:22: -------- Mapchange to lobby --------
L 03/31/2016 - 09:41:53: [admincheats.smx] CONSOLE ran cheat command 'asw_carnage_randomize_uber' success!
L 03/31/2016 - 09:42:35: -------- Mapchange to ASI-Jac1-LandingBay_01 --------
L 03/31/2016 - 09:42:46: [admincheats.smx] CONSOLE ran cheat command 'asw_carnage_randomize_uber' success!
L 03/31/2016 - 09:42:39: SourceMod log file session started (file "L20160331.log") (Version "1.7.2")
L 03/31/2016 - 09:42:39: -------- Mapchange to lobby --------
L 03/31/2016 - 09:42:39: [admincheats.smx] CONSOLE ran cheat command 'asw_carnage_randomize_uber' success!
L 03/31/2016 - 09:42:40: -------- Mapchange to ASI-Jac1-LandingBay_01 --------
L 03/31/2016 - 09:42:40: [admincheats.smx] CONSOLE ran cheat command 'asw_carnage_randomize_uber' success!
L 03/31/2016 - 09:44:08: Log file closed.
L 03/31/2016 - 09:44:59: SourceMod log file session started (file "L20160331.log") (Version "1.7.2")
L 03/31/2016 - 09:44:59: -------- Mapchange to lobby --------
L 03/31/2016 - 09:45:34: [admincheats.smx] CONSOLE ran cheat command 'asw_carnage_randomize_uber' success!
L 03/31/2016 - 09:46:11: -------- Mapchange to ASI-Jac1-LandingBay_01 --------
L 03/31/2016 - 09:46:22: [admincheats.smx] CONSOLE ran cheat command 'asw_carnage_randomize_uber' success!
L 03/31/2016 - 09:47:02: Log file closed.
L 03/31/2016 - 09:48:03: Log file closed.
L 03/31/2016 - 09:49:56: SourceMod log file session started (file "L20160331.log") (Version "1.7.2")
L 03/31/2016 - 09:49:56: -------- Mapchange to lobby --------
L 03/31/2016 - 09:49:56: [admincheats.smx] CONSOLE ran cheat command 'asw_carnage_randomize_uber' success!
L 03/31/2016 - 09:49:57: -------- Mapchange to ASI-Jac1-LandingBay_01 --------
L 03/31/2016 - 09:49:57: [admincheats.smx] CONSOLE ran cheat command 'asw_carnage_randomize_uber' success!
L 03/31/2016 - 09:50:37: SourceMod log file session started (file "L20160331.log") (Version "1.7.2")
L 03/31/2016 - 09:50:37: -------- Mapchange to lobby --------
L 03/31/2016 - 09:50:37: [admincheats.smx] CONSOLE ran cheat command 'asw_carnage_randomize_uber' success!
L 03/31/2016 - 09:50:38: -------- Mapchange to ASI-Jac1-LandingBay_01 --------
L 03/31/2016 - 09:50:38: [admincheats.smx] CONSOLE ran cheat command 'asw_carnage_randomize_uber' success!
L 03/31/2016 - 09:50:58: SourceMod log file session started (file "L20160331.log") (Version "1.7.2")
L 03/31/2016 - 09:50:58: -------- Mapchange to lobby --------
L 03/31/2016 - 09:50:58: [admincheats.smx] CONSOLE ran cheat command 'asw_carnage_randomize_uber' success!
L 03/31/2016 - 09:50:59: -------- Mapchange to ASI-Jac1-LandingBay_01 --------
L 03/31/2016 - 09:50:59: [admincheats.smx] CONSOLE ran cheat command 'asw_carnage_randomize_uber' success!
L 03/31/2016 - 09:51:08: SourceMod log file session started (file "L20160331.log") (Version "1.7.2")
L 03/31/2016 - 09:51:08: -------- Mapchange to lobby --------
L 03/31/2016 - 09:51:09: [admincheats.smx] CONSOLE ran cheat command 'asw_carnage_randomize_uber' success!
L 03/31/2016 - 09:51:09: -------- Mapchange to ASI-Jac1-LandingBay_01 --------
L 03/31/2016 - 09:51:09: [admincheats.smx] CONSOLE ran cheat command 'asw_carnage_randomize_uber' success!
L 03/31/2016 - 09:51:48: Log file closed.
L 03/31/2016 - 09:52:00: SourceMod log file session started (file "L20160331.log") (Version "1.7.2")
L 03/31/2016 - 09:52:00: -------- Mapchange to lobby --------
L 03/31/2016 - 09:52:01: [admincheats.smx] CONSOLE ran cheat command 'asw_carnage_randomize_uber' success!
L 03/31/2016 - 09:52:01: -------- Mapchange to ASI-Jac1-LandingBay_01 --------
L 03/31/2016 - 09:52:01: [admincheats.smx] CONSOLE ran cheat command 'asw_carnage_randomize_uber' success!
L 03/31/2016 - 09:52:17: Log file closed.
L 03/31/2016 - 09:52:25: SourceMod log file session started (file "L20160331.log") (Version "1.7.2")
L 03/31/2016 - 09:52:25: -------- Mapchange to lobby --------
L 03/31/2016 - 09:52:25: [admincheats.smx] CONSOLE ran cheat command 'asw_carnage_randomize_uber' success!
L 03/31/2016 - 09:52:26: -------- Mapchange to ASI-Jac1-LandingBay_01 --------
L 03/31/2016 - 09:52:26: [admincheats.smx] CONSOLE ran cheat command 'asw_carnage_randomize_uber' success!
L 03/31/2016 - 09:55:39: -------- Mapchange to ASI-Jac1-LandingBay_01 --------
L 03/31/2016 - 09:55:39: [admincheats.smx] CONSOLE ran cheat command 'asw_carnage_randomize_uber' success!
L 03/31/2016 - 09:57:43: Log file closed.
L 03/31/2016 - 09:57:45: SourceMod log file session started (file "L20160331.log") (Version "1.7.2")
L 03/31/2016 - 09:57:45: -------- Mapchange to lobby --------
L 03/31/2016 - 09:57:45: [admincheats.smx] CONSOLE ran cheat command 'asw_carnage_randomize_uber' success!
L 03/31/2016 - 09:57:46: -------- Mapchange to ASI-Jac1-LandingBay_01 --------
L 03/31/2016 - 09:57:46: [admincheats.smx] CONSOLE ran cheat command 'asw_carnage_randomize_uber' success!
L 03/31/2016 - 09:58:10: SourceMod log file session started (file "L20160331.log") (Version "1.7.2")
L 03/31/2016 - 09:58:10: -------- Mapchange to lobby --------
L 03/31/2016 - 09:58:10: [admincheats.smx] CONSOLE ran cheat command 'asw_carnage_randomize_uber' success!
L 03/31/2016 - 09:58:11: -------- Mapchange to ASI-Jac1-LandingBay_01 --------
L 03/31/2016 - 09:58:11: [admincheats.smx] CONSOLE ran cheat command 'asw_carnage_randomize_uber' success!
L 03/31/2016 - 09:59:02: SourceMod log file session started (file "L20160331.log") (Version "1.7.2")
L 03/31/2016 - 09:59:02: -------- Mapchange to lobby --------
L 03/31/2016 - 09:59:02: [admincheats.smx] CONSOLE ran cheat command 'asw_carnage_randomize_uber' success!
L 03/31/2016 - 09:59:03: -------- Mapchange to ASI-Jac1-LandingBay_01 --------
L 03/31/2016 - 09:59:03: [admincheats.smx] CONSOLE ran cheat command 'asw_carnage_randomize_uber' success!
L 03/31/2016 - 09:59:08: SourceMod log file session started (file "L20160331.log") (Version "1.7.2")
L 03/31/2016 - 09:59:08: -------- Mapchange to lobby --------
L 03/31/2016 - 09:59:09: [admincheats.smx] CONSOLE ran cheat command 'asw_carnage_randomize_uber' success!
L 03/31/2016 - 09:59:09: -------- Mapchange to ASI-Jac1-LandingBay_01 --------
L 03/31/2016 - 09:59:10: [admincheats.smx] CONSOLE ran cheat command 'asw_carnage_randomize_uber' success!
L 03/31/2016 - 10:01:21: SourceMod log file session started (file "L20160331.log") (Version "1.7.2")
L 03/31/2016 - 10:01:21: -------- Mapchange to lobby --------
L 03/31/2016 - 10:01:22: [admincheats.smx] CONSOLE ran cheat command 'asw_carnage_randomize_uber' success!
L 03/31/2016 - 10:01:22: -------- Mapchange to ASI-Jac1-LandingBay_01 --------
L 03/31/2016 - 10:01:23: [admincheats.smx] CONSOLE ran cheat command 'asw_carnage_randomize_uber' success!
L 03/31/2016 - 10:03:35: SourceMod log file session started (file "L20160331.log") (Version "1.7.2")
L 03/31/2016 - 10:03:35: Log file closed.
L 03/31/2016 - 10:03:53: SourceMod log file session started (file "L20160331.log") (Version "1.7.2")
L 03/31/2016 - 10:03:53: -------- Mapchange to lobby --------
L 03/31/2016 - 10:03:54: [admincheats.smx] CONSOLE ran cheat command 'asw_carnage_randomize_uber' success!
L 03/31/2016 - 10:03:54: -------- Mapchange to ASI-Jac1-LandingBay_01 --------
L 03/31/2016 - 10:03:54: [admincheats.smx] CONSOLE ran cheat command 'asw_carnage_randomize_uber' success!
L 03/31/2016 - 10:04:16: SourceMod log file session started (file "L20160331.log") (Version "1.7.2")
L 03/31/2016 - 10:04:16: -------- Mapchange to lobby --------
L 03/31/2016 - 10:04:16: [admincheats.smx] CONSOLE ran cheat command 'asw_carnage_randomize_uber' success!
L 03/31/2016 - 10:04:17: -------- Mapchange to ASI-Jac1-LandingBay_01 --------
L 03/31/2016 - 10:04:17: [admincheats.smx] CONSOLE ran cheat command 'asw_carnage_randomize_uber' success!
L 03/31/2016 - 10:05:26: SourceMod log file session started (file "L20160331.log") (Version "1.7.2")
L 03/31/2016 - 10:05:26: -------- Mapchange to lobby --------
L 03/31/2016 - 10:05:27: [admincheats.smx] CONSOLE ran cheat command 'asw_carnage_randomize_uber' success!
L 03/31/2016 - 10:05:27: -------- Mapchange to ASI-Jac1-LandingBay_01 --------
L 03/31/2016 - 10:05:28: [admincheats.smx] CONSOLE ran cheat command 'asw_carnage_randomize_uber' success!
L 03/31/2016 - 10:06:40: SourceMod log file session started (file "L20160331.log") (Version "1.7.2")
L 03/31/2016 - 10:06:40: -------- Mapchange to lobby --------
L 03/31/2016 - 10:06:40: [admincheats.smx] CONSOLE ran cheat command 'asw_carnage_randomize_uber' success!
L 03/31/2016 - 10:06:41: -------- Mapchange to ASI-Jac1-LandingBay_01 --------
L 03/31/2016 - 10:06:41: [admincheats.smx] CONSOLE ran cheat command 'asw_carnage_randomize_uber' success!
L 03/31/2016 - 10:08:30: -------- Mapchange to ASI-Jac1-LandingBay_01 --------
L 03/31/2016 - 10:08:30: [admincheats.smx] CONSOLE ran cheat command 'asw_carnage_randomize_uber' success!
L 03/31/2016 - 10:08:45: -------- Mapchange to ASI-Jac1-LandingBay_01 --------
L 03/31/2016 - 10:08:45: [admincheats.smx] CONSOLE ran cheat command 'asw_carnage_randomize_uber' success!
L 03/31/2016 - 10:21:44: SourceMod log file session started (file "L20160331.log") (Version "1.7.2")
L 03/31/2016 - 10:21:44: -------- Mapchange to lobby --------
L 03/31/2016 - 10:21:45: [admincheats.smx] CONSOLE ran cheat command 'asw_carnage_randomize_uber' success!
L 03/31/2016 - 10:21:45: -------- Mapchange to ASI-Jac1-LandingBay_01 --------
L 03/31/2016 - 10:21:46: [admincheats.smx] CONSOLE ran cheat command 'asw_carnage_randomize_uber' success!
L 03/31/2016 - 10:23:48: -------- Mapchange to ASI-Jac1-LandingBay_01 --------
L 03/31/2016 - 10:23:48: [admincheats.smx] CONSOLE ran cheat command 'asw_carnage_randomize_uber' success!
L 03/31/2016 - 10:24:20: -------- Mapchange to ASI-Jac1-LandingBay_01 --------
L 03/31/2016 - 10:24:20: [admincheats.smx] CONSOLE ran cheat command 'asw_carnage_randomize_uber' success!
L 03/31/2016 - 10:24:23: SourceMod log file session started (file "L20160331.log") (Version "1.7.2")
L 03/31/2016 - 10:24:23: Log file closed.
L 03/31/2016 - 10:24:27: Log file closed.
L 03/31/2016 - 10:26:46: SourceMod log file session started (file "L20160331.log") (Version "1.7.2")
L 03/31/2016 - 10:26:46: -------- Mapchange to asi-jac1-landingbay_pract --------
L 03/31/2016 - 10:27:26: Log file closed.
L 03/31/2016 - 10:27:31: SourceMod log file session started (file "L20160331.log") (Version "1.7.2")
L 03/31/2016 - 10:27:31: Log file closed.
L 03/31/2016 - 10:28:09: SourceMod log file session started (file "L20160331.log") (Version "1.7.2")
L 03/31/2016 - 10:28:09: -------- Mapchange to lobby --------
L 03/31/2016 - 10:28:09: [admincheats.smx] CONSOLE ran cheat command 'asw_carnage_randomize_uber' success!
L 03/31/2016 - 10:28:10: -------- Mapchange to ASI-Jac1-LandingBay_01 --------
L 03/31/2016 - 10:28:10: [admincheats.smx] CONSOLE ran cheat command 'asw_carnage_randomize_uber' success!
L 03/31/2016 - 10:29:54: -------- Mapchange to ASI-Jac1-LandingBay_01 --------
L 03/31/2016 - 10:29:54: [admincheats.smx] CONSOLE ran cheat command 'asw_carnage_randomize_uber' success!
L 03/31/2016 - 10:29:56: SourceMod log file session started (file "L20160331.log") (Version "1.7.2")
L 03/31/2016 - 10:29:56: Log file closed.
L 03/31/2016 - 10:45:56: SourceMod log file session started (file "L20160331.log") (Version "1.7.2")
L 03/31/2016 - 10:45:56: -------- Mapchange to lobby --------
L 03/31/2016 - 10:45:56: [admincheats.smx] CONSOLE ran cheat command 'asw_carnage_randomize_uber' success!
L 03/31/2016 - 10:45:57: -------- Mapchange to ASI-Jac1-LandingBay_01 --------
L 03/31/2016 - 10:45:57: [admincheats.smx] CONSOLE ran cheat command 'asw_carnage_randomize_uber' success!
L 03/31/2016 - 10:47:34: -------- Mapchange to ASI-Jac1-LandingBay_01 --------
L 03/31/2016 - 10:47:34: [admincheats.smx] CONSOLE ran cheat command 'asw_carnage_randomize_uber' success!
L 03/31/2016 - 10:47:36: SourceMod log file session started (file "L20160331.log") (Version "1.7.2")
L 03/31/2016 - 10:47:36: Log file closed.
L 03/31/2016 - 11:07:08: -------- Mapchange to ASI-Jac1-LandingBay_01 --------
L 03/31/2016 - 11:07:09: [admincheats.smx] CONSOLE ran cheat command 'asw_carnage_randomize_uber' success!
L 03/31/2016 - 11:07:11: SourceMod log file session started (file "L20160331.log") (Version "1.7.2")
L 03/31/2016 - 11:07:11: Log file closed.
L 03/31/2016 - 11:08:58: Log file closed.
L 03/31/2016 - 11:09:03: SourceMod log file session started (file "L20160331.log") (Version "1.7.2")
L 03/31/2016 - 11:09:03: -------- Mapchange to lobby --------
L 03/31/2016 - 11:09:04: [admincheats.smx] CONSOLE ran cheat command 'asw_carnage_randomize_uber' success!
L 03/31/2016 - 11:09:04: -------- Mapchange to ASI-Jac1-LandingBay_01 --------
L 03/31/2016 - 11:09:06: [admincheats.smx] CONSOLE ran cheat command 'asw_carnage_randomize_uber' success!
L 03/31/2016 - 11:10:45: -------- Mapchange to ASI-Jac1-LandingBay_01 --------
L 03/31/2016 - 11:10:46: [admincheats.smx] CONSOLE ran cheat command 'asw_carnage_randomize_uber' success!
L 03/31/2016 - 11:10:50: Log file closed.
L 03/31/2016 - 11:11:00: SourceMod log file session started (file "L20160331.log") (Version "1.7.2")
L 03/31/2016 - 11:11:00: -------- Mapchange to lobby --------
L 03/31/2016 - 11:11:00: [admincheats.smx] CONSOLE ran cheat command 'asw_carnage_randomize_uber' success!
L 03/31/2016 - 11:11:01: -------- Mapchange to ASI-Jac1-LandingBay_01 --------
L 03/31/2016 - 11:11:01: [admincheats.smx] CONSOLE ran cheat command 'asw_carnage_randomize_uber' success!
L 03/31/2016 - 11:11:29: -------- Mapchange to ASI-Jac1-LandingBay_01 --------
L 03/31/2016 - 11:11:30: [admincheats.smx] CONSOLE ran cheat command 'asw_carnage_randomize_uber' success!
L 03/31/2016 - 11:11:31: Log file closed.
L 03/31/2016 - 11:11:48: SourceMod log file session started (file "L20160331.log") (Version "1.7.2")
L 03/31/2016 - 11:11:48: -------- Mapchange to lobby --------
L 03/31/2016 - 11:11:48: [admincheats.smx] CONSOLE ran cheat command 'asw_carnage_randomize_uber' success!
L 03/31/2016 - 11:11:48: -------- Mapchange to ASI-Jac1-LandingBay_01 --------
L 03/31/2016 - 11:11:49: [admincheats.smx] CONSOLE ran cheat command 'asw_carnage_randomize_uber' success!
L 03/31/2016 - 11:15:45: -------- Mapchange to ASI-Jac1-LandingBay_01 --------
L 03/31/2016 - 11:15:45: [admincheats.smx] CONSOLE ran cheat command 'asw_carnage_randomize_uber' success!
L 03/31/2016 - 11:16:01: -------- Mapchange to ASI-Jac1-LandingBay_01 --------
L 03/31/2016 - 11:16:01: [admincheats.smx] CONSOLE ran cheat command 'asw_carnage_randomize_uber' success!
L 03/31/2016 - 11:16:02: SourceMod log file session started (file "L20160331.log") (Version "1.7.2")
L 03/31/2016 - 11:16:02: Log file closed.
L 03/31/2016 - 11:16:06: Log file closed.
L 03/31/2016 - 11:30:24: SourceMod log file session started (file "L20160331.log") (Version "1.7.2")
L 03/31/2016 - 11:30:24: -------- Mapchange to lobby --------
L 03/31/2016 - 11:30:24: [admincheats.smx] CONSOLE ran cheat command 'asw_carnage_randomize_uber' success!
L 03/31/2016 - 11:30:25: -------- Mapchange to ASI-Jac1-LandingBay_01 --------
L 03/31/2016 - 11:30:25: [admincheats.smx] CONSOLE ran cheat command 'asw_carnage_randomize_uber' success!
L 03/31/2016 - 11:31:25: -------- Mapchange to ASI-Jac1-LandingBay_01 --------
L 03/31/2016 - 11:31:26: [admincheats.smx] CONSOLE ran cheat command 'asw_carnage_randomize_uber' success!
L 03/31/2016 - 11:33:26: [admincheats.smx] CONSOLE ran cheat command 'asw_carnage_randomize_uber' success!
L 03/31/2016 - 11:33:33: Log file closed.
L 03/31/2016 - 11:33:38: SourceMod log file session started (file "L20160331.log") (Version "1.7.2")
L 03/31/2016 - 11:33:38: -------- Mapchange to lobby --------
L 03/31/2016 - 11:33:39: [admincheats.smx] CONSOLE ran cheat command 'asw_carnage_randomize_uber' success!
L 03/31/2016 - 11:33:39: -------- Mapchange to ASI-Jac1-LandingBay_01 --------
L 03/31/2016 - 11:33:40: [admincheats.smx] CONSOLE ran cheat command 'asw_carnage_randomize_uber' success!
L 03/31/2016 - 11:35:06: -------- Mapchange to ASI-Jac1-LandingBay_01 --------
L 03/31/2016 - 11:35:06: [admincheats.smx] CONSOLE ran cheat command 'asw_carnage_randomize_uber' success!
L 03/31/2016 - 11:35:09: Log file closed.
L 03/31/2016 - 11:35:19: SourceMod log file session started (file "L20160331.log") (Version "1.7.2")
L 03/31/2016 - 11:35:19: -------- Mapchange to lobby --------
L 03/31/2016 - 11:35:20: [admincheats.smx] CONSOLE ran cheat command 'asw_carnage_randomize_uber' success!
L 03/31/2016 - 11:35:20: -------- Mapchange to ASI-Jac1-LandingBay_01 --------
L 03/31/2016 - 11:35:20: [admincheats.smx] CONSOLE ran cheat command 'asw_carnage_randomize_uber' success!
L 03/31/2016 - 11:36:57: -------- Mapchange to ASI-Jac1-LandingBay_01 --------
L 03/31/2016 - 11:36:58: [admincheats.smx] CONSOLE ran cheat command 'asw_carnage_randomize_uber' success!
L 03/31/2016 - 11:37:10: SourceMod log file session started (file "L20160331.log") (Version "1.7.2")
L 03/31/2016 - 11:37:10: -------- Mapchange to lobby --------
L 03/31/2016 - 11:37:10: [admincheats.smx] CONSOLE ran cheat command 'asw_carnage_randomize_uber' success!
L 03/31/2016 - 11:37:11: -------- Mapchange to ASI-Jac1-LandingBay_01 --------
L 03/31/2016 - 11:37:11: [admincheats.smx] CONSOLE ran cheat command 'asw_carnage_randomize_uber' success!
L 03/31/2016 - 11:38:18: -------- Mapchange to ASI-Jac1-LandingBay_01 --------
L 03/31/2016 - 11:38:19: [admincheats.smx] CONSOLE ran cheat command 'asw_carnage_randomize_uber' success!
L 03/31/2016 - 11:47:55: Log file closed.
L 03/31/2016 - 11:57:41: SourceMod log file session started (file "L20160331.log") (Version "1.7.2")
L 03/31/2016 - 11:57:41: -------- Mapchange to lobby --------
L 03/31/2016 - 11:57:42: [admincheats.smx] CONSOLE ran cheat command 'asw_carnage_randomize_uber' success!
L 03/31/2016 - 11:57:42: -------- Mapchange to ASI-Jac1-LandingBay_01 --------
L 03/31/2016 - 11:57:42: [admincheats.smx] CONSOLE ran cheat command 'asw_carnage_randomize_uber' success!
L 03/31/2016 - 11:59:05: -------- Mapchange to ASI-Jac1-LandingBay_01 --------
L 03/31/2016 - 11:59:05: [admincheats.smx] CONSOLE ran cheat command 'asw_carnage_randomize_uber' success!
L 03/31/2016 - 12:00:31: SourceMod log file session started (file "L20160331.log") (Version "1.7.2")
L 03/31/2016 - 12:00:31: -------- Mapchange to lobby --------
L 03/31/2016 - 12:00:32: [admincheats.smx] CONSOLE ran cheat command 'asw_carnage_randomize_uber' success!
L 03/31/2016 - 12:00:32: -------- Mapchange to ASI-Jac1-LandingBay_01 --------
L 03/31/2016 - 12:00:32: [admincheats.smx] CONSOLE ran cheat command 'asw_carnage_randomize_uber' success!
L 03/31/2016 - 12:01:47: -------- Mapchange to ASI-Jac1-LandingBay_01 --------
L 03/31/2016 - 12:01:47: [admincheats.smx] CONSOLE ran cheat command 'asw_carnage_randomize_uber' success!
L 03/31/2016 - 12:02:55: SourceMod log file session started (file "L20160331.log") (Version "1.7.2")
L 03/31/2016 - 12:02:55: -------- Mapchange to lobby --------
L 03/31/2016 - 12:02:55: [admincheats.smx] CONSOLE ran cheat command 'asw_carnage_randomize_uber' success!
L 03/31/2016 - 12:02:56: -------- Mapchange to ASI-Jac1-LandingBay_01 --------
L 03/31/2016 - 12:02:56: [admincheats.smx] CONSOLE ran cheat command 'asw_carnage_randomize_uber' success!
L 03/31/2016 - 12:05:12: -------- Mapchange to ASI-Jac1-LandingBay_01 --------
L 03/31/2016 - 12:05:12: [admincheats.smx] CONSOLE ran cheat command 'asw_carnage_randomize_uber' success!
L 03/31/2016 - 12:05:27: -------- Mapchange to ASI-Jac1-LandingBay_01 --------
L 03/31/2016 - 12:05:27: [admincheats.smx] CONSOLE ran cheat command 'asw_carnage_randomize_uber' success!
L 03/31/2016 - 12:28:10: SourceMod log file session started (file "L20160331.log") (Version "1.7.2")
L 03/31/2016 - 12:28:10: -------- Mapchange to lobby --------
L 03/31/2016 - 12:28:10: [admincheats.smx] CONSOLE ran cheat command 'asw_carnage_randomize_uber' success!
L 03/31/2016 - 12:28:11: -------- Mapchange to ASI-Jac1-LandingBay_01 --------
L 03/31/2016 - 12:28:11: [admincheats.smx] CONSOLE ran cheat command 'asw_carnage_randomize_uber' success!
L 03/31/2016 - 12:29:37: -------- Mapchange to ASI-Jac1-LandingBay_01 --------
L 03/31/2016 - 12:29:38: [admincheats.smx] CONSOLE ran cheat command 'asw_carnage_randomize_uber' success!
L 03/31/2016 - 12:29:38: SourceMod log file session started (file "L20160331.log") (Version "1.7.2")
L 03/31/2016 - 12:29:38: Log file closed.
L 03/31/2016 - 12:33:16: Log file closed.
L 03/31/2016 - 12:45:32: SourceMod log file session started (file "L20160331.log") (Version "1.7.2")
L 03/31/2016 - 12:45:32: -------- Mapchange to lobby --------
L 03/31/2016 - 12:45:33: [admincheats.smx] CONSOLE ran cheat command 'asw_carnage_randomize_uber' success!
L 03/31/2016 - 12:45:34: -------- Mapchange to ASI-Jac1-LandingBay_01 --------
L 03/31/2016 - 12:45:35: [admincheats.smx] CONSOLE ran cheat command 'asw_carnage_randomize_uber' success!
